<?xml version="1.0" encoding="UTF-8" ?>
<testsuite tests="27" failures="0" name="TestSuite" time="66.911" errors="0" skipped="0">
  <properties>
[...]
</properties>
  <testcase classname="com.LearningModeOn.smoke.ItemTest" name="addDuplicateItemToListTest" time="4.862"/>
  <testcase classname="com.LearningModeOn.smoke.ItemTest" name="addInvalidItemToListErrorTest" time="2.085"/>
  <testcase classname="com.LearningModeOn.smoke.ItemTest" name="addInvalidItemToListTest" time="4.53"/>
  <testcase classname="com.LearningModeOn.smoke.ItemTest" name="addInvalidItemToListTest" time="2.83"/>
  <testcase classname="com.LearningModeOn.smoke.ItemTest" name="addInvalidItemToListTest" time="2.761"/>
  <testcase classname="com.LearningModeOn.smoke.ItemTest" name="addInvalidItemToListTest" time="2.757"/>
  <testcase classname="com.LearningModeOn.smoke.ItemTest" name="addItemInvalidTokenTest" time="2.893"/>
  <testcase classname="com.LearningModeOn.smoke.ItemTest" name="addValidItemToListTest" time="5.361"/>
  <testcase classname="com.LearningModeOn.smoke.ItemTest" name="removeItemFromListInvalidTest" time="2.771"/>
  <testcase classname="com.LearningModeOn.smoke.ItemTest" name="removeItemFromListValidTest" time="2.903"/>
  <testcase classname="com.LearningModeOn.smoke.ItemTest" name="removeItemInvalidTokenTest" time="2.693"/>
  <testcase classname="com.LearningModeOn.smoke.ItemTest" name="updateInvalidItemTest" time="2.782"/>
  <testcase classname="com.LearningModeOn.smoke.ItemTest" name="updateItemInListValidTest" time="2.808"/>
  <testcase classname="com.LearningModeOn.smoke.ItemTest" name="updateItemInvalidListTest" time="2.693"/>
  <testcase classname="com.LearningModeOn.smoke.ListTest" name="clearAllItemsinInvalidListTest" time="2.743"/>
  <testcase classname="com.LearningModeOn.smoke.ListTest" name="clearAllItemsinValidListTest" time="2.771"/>
  <testcase classname="com.LearningModeOn.smoke.ListTest" name="clearListInvalidTokenTest" time="2.638"/>
  <testcase classname="com.LearningModeOn.smoke.ListTest" name="createInvalidListTest" time="0.931"/>
  <testcase classname="com.LearningModeOn.smoke.ListTest" name="createInvalidListTest" time="0.924"/>
  <testcase classname="com.LearningModeOn.smoke.ListTest" name="createListInvalidTokenTest" time="0.9"/>
  <testcase classname="com.LearningModeOn.smoke.ListTest" name="createValidListTest" time="0.947"/>
  <testcase classname="com.LearningModeOn.smoke.ListTest" name="createValidListTest" time="0.932"/>
  <testcase classname="com.LearningModeOn.smoke.ListTest" name="createValidListTest" time="0.94"/>
  <testcase classname="com.LearningModeOn.smoke.ListTest" name="updateListInvalidDataTest" time="2.303"/>
  <testcase classname="com.LearningModeOn.smoke.ListTest" name="updateListInvalidIdTest" time="2.728"/>
  <testcase classname="com.LearningModeOn.smoke.ListTest" name="updateListInvalidTokenTest" time="1.724"/>
  <testcase classname="com.LearningModeOn.smoke.ListTest" name="updateListValidTest" time="1.701"/>
</testsuite>