<?xml version="1.0" encoding="UTF-8"?>
<!-- Generated by org.testng.reporters.JUnitXMLReporter -->
<testsuite hostname="aupadhyay" ignored="4" name="Command line test" tests="27" failures="0" timestamp="2021-04-10T19:22:55 IST" time="66.94" errors="0">
  <testcase name="addDuplicateItemToListTest" time="4.86" classname="com.LearningModeOn.smoke.ItemTest"/>
  <testcase name="addInvalidItemToListErrorTest" time="2.084" classname="com.LearningModeOn.smoke.ItemTest"/>
  <testcase name="addInvalidItemToListTest" time="4.53" classname="com.LearningModeOn.smoke.ItemTest"/>
  <testcase name="addInvalidItemToListTest" time="2.83" classname="com.LearningModeOn.smoke.ItemTest"/>
  <testcase name="addInvalidItemToListTest" time="2.76" classname="com.LearningModeOn.smoke.ItemTest"/>
  <testcase name="addInvalidItemToListTest" time="2.757" classname="com.LearningModeOn.smoke.ItemTest"/>
  <testcase name="addItemInvalidTokenTest" time="2.892" classname="com.LearningModeOn.smoke.ItemTest"/>
  <testcase name="addValidItemToListTest" time="5.361" classname="com.LearningModeOn.smoke.ItemTest"/>
  <testcase name="removeItemFromListInvalidTest" time="2.771" classname="com.LearningModeOn.smoke.ItemTest"/>
  <testcase name="removeItemFromListValidTest" time="2.903" classname="com.LearningModeOn.smoke.ItemTest"/>
  <testcase name="removeItemInvalidTokenTest" time="2.693" classname="com.LearningModeOn.smoke.ItemTest"/>
  <testcase name="updateInvalidItemTest" time="2.781" classname="com.LearningModeOn.smoke.ItemTest"/>
  <testcase name="updateItemInListValidTest" time="2.809" classname="com.LearningModeOn.smoke.ItemTest"/>
  <testcase name="updateItemInvalidListTest" time="2.693" classname="com.LearningModeOn.smoke.ItemTest"/>
  <testcase name="clearAllItemsinInvalidListTest" time="2.743" classname="com.LearningModeOn.smoke.ListTest"/>
  <testcase name="clearAllItemsinValidListTest" time="2.771" classname="com.LearningModeOn.smoke.ListTest"/>
  <testcase name="clearListInvalidTokenTest" time="2.637" classname="com.LearningModeOn.smoke.ListTest"/>
  <testcase name="createInvalidListTest" time="0.931" classname="com.LearningModeOn.smoke.ListTest"/>
  <testcase name="createInvalidListTest" time="0.924" classname="com.LearningModeOn.smoke.ListTest"/>
  <testcase name="createListInvalidTokenTest" time="0.9" classname="com.LearningModeOn.smoke.ListTest"/>
  <testcase name="createValidListTest" time="0.947" classname="com.LearningModeOn.smoke.ListTest"/>
  <testcase name="createValidListTest" time="0.932" classname="com.LearningModeOn.smoke.ListTest"/>
  <testcase name="createValidListTest" time="0.939" classname="com.LearningModeOn.smoke.ListTest"/>
  <testcase name="updateListInvalidDataTest" time="2.302" classname="com.LearningModeOn.smoke.ListTest"/>
  <testcase name="updateListInvalidIdTest" time="2.727" classname="com.LearningModeOn.smoke.ListTest"/>
  <testcase name="updateListInvalidTokenTest" time="1.723" classname="com.LearningModeOn.smoke.ListTest"/>
  <testcase name="updateListValidTest" time="1.701" classname="com.LearningModeOn.smoke.ListTest"/>
  <testcase name="@BeforeSuite beforeSuite" time="0.0" classname="com.LearningModeOn.base.SmokeBaseTest">
    <ignored/>
  </testcase> <!-- @BeforeSuite beforeSuite -->
  <testcase name="@BeforeSuite beforeSuite" time="0.0" classname="com.LearningModeOn.base.SmokeBaseTest">
    <ignored/>
  </testcase> <!-- @BeforeSuite beforeSuite -->
  <testcase name="@AfterSuite afterSuite" time="0.0" classname="com.LearningModeOn.base.SmokeBaseTest">
    <ignored/>
  </testcase> <!-- @AfterSuite afterSuite -->
  <testcase name="@AfterSuite afterSuite" time="0.0" classname="com.LearningModeOn.base.SmokeBaseTest">
    <ignored/>
  </testcase> <!-- @AfterSuite afterSuite -->
</testsuite> <!-- Command line test -->
